<?xml version="1.0" encoding="UTF-8"?>
<!-- Generated by org.testng.reporters.JUnitXMLReporter -->
<testsuite hostname="JIM-TI8227" name="Test" tests="3" failures="0" timestamp="19 Dec 2015 04:47:00 GMT" time="55.537" errors="0">
  <testcase name="invalid_login" time="17.333" classname="sceanrios_TCs.Login_Scenario"/>
  <testcase name="invalid_login" time="19.795" classname="sceanrios_TCs.Login_Scenario"/>
  <testcase name="valid_login" time="17.124" classname="sceanrios_TCs.Login_Scenario"/>
</testsuite> <!-- Test -->
